Flutter crash report.
Please report a bug at https://github.com/flutter/flutter/issues.

## command

flutter build macos

## exception

ProcessException: ProcessException: Process exited abnormally with exit code 72:
xcrun: error: unable to find utility "xcodebuild", not a developer tool or in PATH
  Command: /usr/bin/arch -arm64e xcrun xcodebuild -list -project Runner.xcodeproj

```
#0      RunResult.throwException (package:flutter_tools/src/base/process.dart:118:5)
#1      _DefaultProcessUtils.run (package:flutter_tools/src/base/process.dart:344:19)
<asynchronous suspension>
#2      XcodeProjectInterpreter.getInfo (package:flutter_tools/src/ios/xcodeproj.dart:334:30)
<asynchronous suspension>
#3      buildMacOS (package:flutter_tools/src/macos/build_macos.dart:127:41)
<asynchronous suspension>
#4      BuildMacosCommand.runCommand (package:flutter_tools/src/commands/build_macos.dart:60:5)
<asynchronous suspension>
#5      FlutterCommand.run.<anonymous closure> (package:flutter_tools/src/runner/flutter_command.dart:1563:27)
<asynchronous suspension>
#6      AppContext.run.<anonymous closure> (package:flutter_tools/src/base/context.dart:154:19)
<asynchronous suspension>
#7      CommandRunner.runCommand (package:args/command_runner.dart:212:13)
<asynchronous suspension>
#8      FlutterCommandRunner.runCommand.<anonymous closure> (package:flutter_tools/src/runner/flutter_command_runner.dart:494:9)
<asynchronous suspension>
#9      AppContext.run.<anonymous closure> (package:flutter_tools/src/base/context.dart:154:19)
<asynchronous suspension>
#10     FlutterCommandRunner.runCommand (package:flutter_tools/src/runner/flutter_command_runner.dart:431:5)
<asynchronous suspension>
#11     run.<anonymous closure>.<anonymous closure> (package:flutter_tools/runner.dart:98:11)
<asynchronous suspension>
#12     AppContext.run.<anonymous closure> (package:flutter_tools/src/base/context.dart:154:19)
<asynchronous suspension>
#13     main (package:flutter_tools/executable.dart:102:3)
<asynchronous suspension>
```

## flutter doctor

```
[32m[âœ“][39m Flutter (Channel stable, 3.32.3, on macOS 26.0 25A5279m darwin-arm64, locale ru-RU) [827ms]
    [32mâ€¢[39m Flutter version 3.32.3 on channel stable at /opt/homebrew/Caskroom/flutter/3.32.3/flutter
    [32mâ€¢[39m Upstream repository https://github.com/flutter/flutter.git
    [32mâ€¢[39m Framework revision 5c1433509f (22 hours ago), 2025-06-11 13:12:24 -0700
    [32mâ€¢[39m Engine revision 31c4875c7a
    [32mâ€¢[39m Dart version 3.8.1
    [32mâ€¢[39m DevTools version 2.45.1

[33m[!][39m Android toolchain - develop for Android devices (Android SDK version 35.0.1) [2,4s]
    [32mâ€¢[39m Android SDK at /Users/alex22/Library/Android/sdk
    [32mâ€¢[39m Platform android-35, build-tools 35.0.1
    [32mâ€¢[39m Java binary at: /Applications/Android Studio.app/Contents/jbr/Contents/Home/bin/java
      This is the JDK bundled with the latest Android Studio installation on this machine.
      To manually set the JDK path, use: `flutter config --jdk-dir="path/to/jdk"`.
    [32mâ€¢[39m Java version OpenJDK Runtime Environment (build 21.0.4+-12422083-b607.1)
    [33m![39m Some Android licenses not accepted. To resolve this, run: flutter doctor --android-licenses

[31m[âœ—][39m Xcode - develop for iOS and macOS [80ms]
    [31mâœ—[39m Xcode installation is incomplete; a full installation is necessary for iOS and macOS development.
      Download at: https://developer.apple.com/xcode/
      Or install Xcode via the App Store.
      Once installed, run:
        sudo xcode-select --switch /Applications/Xcode.app/Contents/Developer
        sudo xcodebuild -runFirstLaunch
    [31mâœ—[39m CocoaPods not installed.
        CocoaPods is a package manager for iOS or macOS platform code.
        Without CocoaPods, plugins will not work on iOS or macOS.
        For more info, see https://flutter.dev/to/platform-plugins
      For installation instructions, see https://guides.cocoapods.org/using/getting-started.html#installation

[31m[âœ—][39m Chrome - develop for the web (Cannot find Chrome executable at /Applications/Google Chrome.app/Contents/MacOS/Google Chrome) [44ms]
    [33m![39m Cannot find Chrome. Try setting CHROME_EXECUTABLE to a Chrome executable.

[32m[âœ“][39m Android Studio (version 2024.2) [43ms]
    [32mâ€¢[39m Android Studio at /Applications/Android Studio.app/Contents
    [32mâ€¢[39m Flutter plugin can be installed from:
      ðŸ”¨ https://plugins.jetbrains.com/plugin/9212-flutter
    [32mâ€¢[39m Dart plugin can be installed from:
      ðŸ”¨ https://plugins.jetbrains.com/plugin/6351-dart
    [32mâ€¢[39m Java version OpenJDK Runtime Environment (build 21.0.4+-12422083-b607.1)

[32m[âœ“][39m VS Code (version 1.100.3) [42ms]
    [32mâ€¢[39m VS Code at /Applications/Visual Studio Code.app/Contents
    [32mâ€¢[39m Flutter extension version 3.112.0

[32m[âœ“][39m Connected device (1 available) [3,6s]
    [32mâ€¢[39m macOS (desktop) â€¢ macos â€¢ darwin-arm64 â€¢ macOS 26.0 25A5279m darwin-arm64

[32m[âœ“][39m Network resources [332ms]
    [32mâ€¢[39m All expected network resources are available.

[33m![39m Doctor found issues in 3 categories.
```
